Initializing Scene
Loading Scene File : ./Objets/Sphere.obj
[Initialization time] 0.225s

Initializing Scene
Loading Scene File : ./Objets/Sphere.obj
[Initialization time] 0.141s

Initializing Scene
Loading Scene File : ./Objets/Sphere.obj
[Initialization time] 0.143s

Initializing Scene
Loading Scene File : ./Objets/Sphere.obj
[Initialization time] 0.146s

Initializing Scene
Loading Scene File : ./Objets/Sphere.obj
[Initialization time] 0.151s

Initializing Scene
Loading Scene File : ./Objets/Sphere.obj
[Initialization time] 0.146s

Initializing Scene
Loading Scene File : ./Objets/Sphere.obj
[Initialization time] 0.148s

Initializing Scene
Loading Scene File : ./Objets/Sphere.obj
[Initialization time] 0.16s

Initializing Scene
Loading Scene File : ./Objets/Sphere.obj
[Initialization time] 0.142s

Initializing Scene
Loading Scene File : ./Objets/Sphere.obj
[Initialization time] 122.797s

Initializing Scene
Loading Scene File : ./Objets/Sphere.obj
Initializing Scene
Loading Scene File : ./Objets/Sphere.obj
[Initialization time] 23.208s

Initializing Scene
Loading Scene File : ./Objets/Sphere.obj
[Initialization time] 0.163s

Initializing Scene
Loading Scene File : ./Objets/Sphere.obj
[Initialization time] 0.151s

Initializing Scene
Loading Scene File : ./Objets/Sphere.obj
Initializing Scene
Loading Scene File : ./Objets/Sphere.obj
[Initialization time] 13.342s

Initializing Scene
Loading Scene File : ./Objets/Sphere.obj
[Initialization time] 14.703s

Initializing Scene
Loading Scene File : ./Objets/Sphere.obj
Initializing Scene
Loading Scene File : ./Objets/Sphere.obj
Initializing Scene
Loading Scene File : ./Objets/Sphere.obj
[Initialization time] 10.452s

Initializing Scene
Loading Scene File : ./Objets/Sphere.obj
Initializing Scene
Loading Scene File : ./Objets/Sphere.obj
[Initialization time] 8.477s

Initializing Scene
Loading Scene File : ./Objets/Sphere.obj
Initializing Scene
Loading Scene File : ./Objets/Sphere.obj
Initializing Scene
Loading Scene File : ./Objets/Sphere.obj
Initializing Scene
Loading Scene File : ./Objets/Sphere.obj
[Initialization time] 0.164s

Initializing Scene
Loading Scene File : ./Objets/Sphere.obj
[Initialization time] 0.159s

Initializing Scene
Loading Scene File : ./Objets/Sphere.obj
[Initialization time] 0.153s

Initializing Scene
Loading Scene File : ./Objets/Sphere.obj
[Initialization time] 0.278s

Initializing Scene
Loading Scene File : ./Objets/Sphere.obj
Initializing Scene
Loading Scene File : ./Objets/Sphere.obj
Initializing Scene
Loading Scene File : ./Objets/Sphere.obj
No Light in scene, adding default white light
[Initialization time] 0.298s

Initializing Scene
Loading Scene File : ./Objets/Sphere.obj
No Light in scene, adding default white light
[Initialization time] 0.279s

Initializing Scene
Loading Scene File : ./Objets/Sphere.obj
No Light in scene, adding default white light
Initializing Scene
Loading Scene File : ./Objets/Sphere.obj
No Light in scene, adding default white light
[Initialization time] 0.287s

Initializing Scene
Loading Scene File : ./Objets/Sphere.obj
No Light in scene, adding default white light
[Initialization time] 0.292s

Initializing Scene
Loading Scene File : ./Objets/Sphere.obj
No Light in scene, adding default white light
[Initialization time] 0.271s

Initializing Scene
Loading Scene File : ./Objets/Sphere.obj
No Light in scene, adding default white light
[Initialization time] 0.299s

Initializing Scene
Loading Scene File : ./Objets/Sphere.obj
No Light in scene, adding default white light
[Initialization time] 0.317s

Initializing Scene
Loading Scene File : ./Objets/Sphere.obj
No Light in scene, adding default white light
[Initialization time] 0.157s

Initializing Scene
Loading Scene File : ./Objets/Sphere.obj
No Light in scene, adding default white light
[Initialization time] 0.14s

Initializing Scene
Loading Scene File : ./Objets/Bunny.obj
No Light in scene, adding default white light
[Initialization time] 0.417s

Initializing Scene
Loading Scene File : ./Objets/Bunny.obj
No Light in scene, adding default white light
[Initialization time] 0.521s

Initializing Scene
Loading Scene File : ./Objets/Bunny.obj
No Light in scene, adding default white light
[Initialization time] 0.427s

Initializing Scene
Loading Scene File : ./Objets/Bunny.obj
No Light in scene, adding default white light
[Initialization time] 0.413s

Initializing Scene
Loading Scene File : ./Objets/Bunny.obj
No Light in scene, adding default white light
View Port information 0 0 0 0

Initializing Scene
Loading Scene File : ./Objets/Bunny.obj
No Light in scene, adding default white light
View Port information 0 0 0 0

Initializing Scene
Loading Scene File : ./Objets/Bunny.obj
No Light in scene, adding default white light
View Port information 0 0 0 0

Initializing Scene
Loading Scene File : ./Objets/Bunny.obj
No Light in scene, adding default white light
Initializing Scene
Loading Scene File : ./Objets/Bunny.obj
No Light in scene, adding default white light
[Initialization time] 0.431s

Initializing Scene
Loading Scene File : ./Objets/Bunny.obj
No Light in scene, adding default white light
Initializing Scene
Loading Scene File : ./Objets/Bunny.obj
No Light in scene, adding default white light
[Initialization time] 0.439s

Initializing Scene
Loading Scene File : ./Objets/Bunny.obj
No Light in scene, adding default white light
[Initialization time] 0.44s

Initializing Scene
Loading Scene File : ./Objets/Bunny.obj
No Light in scene, adding default white light
[Initialization time] 0.454s

Initializing Scene
Loading Scene File : ./Objets/Bunny.obj
No Light in scene, adding default white light
[Initialization time] 0.42s

Initializing Scene
Loading Scene File : ./Objets/Bunny.obj
No Light in scene, adding default white light
[Initialization time] 0.435s

Initializing Scene
Loading Scene File : ./Objets/Bunny.obj
No Light in scene, adding default white light
[Initialization time] 0.433s

Initializing Scene
Loading Scene File : ./Objets/Bunny.obj
No Light in scene, adding default white light
[Initialization time] 0.445s

Initializing Scene
Loading Scene File : ./Objets/Bunny.obj
No Light in scene, adding default white light
[Initialization time] 0.444s

Initializing Scene
Loading Scene File : ./Objets/Bunny.obj
No Light in scene, adding default white light
[Initialization time] 0.426s

Initializing Scene
Loading Scene File : ./Objets/Bunny.obj
No Light in scene, adding default white light
[Initialization time] 0.401s

Initializing Scene
Loading Scene File : ./Objets/Bunny.obj
No Light in scene, adding default white light
[Initialization time] 0.427s

Initializing Scene
Loading Scene File : ./Objets/Bunny.obj
No Light in scene, adding default white light
[Initialization time] 0.415s

Initializing Scene
Loading Scene File : ./Objets/Bunny.obj
No Light in scene, adding default white light
[Initialization time] 0.455s

Initializing Scene
Loading Scene File : ./Objets/Bunny.obj
No Light in scene, adding default white light
[Initialization time] 0.521s

Initializing Scene
Loading Scene File : ./Objets/Bunny.obj
No Light in scene, adding default white light
[Initialization time] 0.562s

Initializing Scene
Loading Scene File : ./Objets/Bunny.obj
No Light in scene, adding default white light
[Initialization time] 0.671s

Initializing Scene
Loading Scene File : ./Objets/Sphere.obj
No Light in scene, adding default white light
[Initialization time] 0.333s

Initializing Scene
Loading Scene File : ./Objets/Sphere.obj
No Light in scene, adding default white light
[Initialization time] 0.328s

Initializing Scene
Loading Scene File : ./Objets/Sphere.obj
No Light in scene, adding default white light
[Initialization time] 0.256s

Initializing Scene
Loading Scene File : ./Objets/Sphere.obj
No Light in scene, adding default white light
[Initialization time] 0.263s

Initializing Scene
Loading Scene File : ./Objets/Sphere.obj
No Light in scene, adding default white light
[Initialization time] 0.262s

Initializing Scene
Loading Scene File : ./Objets/Sphere.obj
No Light in scene, adding default white light
[Initialization time] 0.249s

Initializing Scene
Loading Scene File : ./Objets/Sphere.obj
No Light in scene, adding default white light
[Initialization time] 0.276s

Initializing Scene
Loading Scene File : ./Objets/Sphere.obj
No Light in scene, adding default white light
[Initialization time] 0.266s

Initializing Scene
Loading Scene File : ./Objets/Sphere.obj
No Light in scene, adding default white light
[Initialization time] 0.256s

Initializing Scene
Loading Scene File : ./Objets/Sphere.obj
No Light in scene, adding default white light
[Initialization time] 11.689s

Initializing Scene
Loading Scene File : ./Objets/Sphere.obj
No Light in scene, adding default white light
[Initialization time] 0.31s

Now manipulating Node Scene
Initializing Scene
Loading Scene File : ./Objets/Sphere.obj
No Light in scene, adding default white light
[Initialization time] 0.283s

Initializing Scene
Loading Scene File : ./Objets/Sphere.obj
No Light in scene, adding default white light
[Initialization time] 0.329s

Initializing Scene
Loading Scene File : ./Objets/Sphere.obj
[Warning] ColorMaterial-Main-FS:  There is no active uniform named CPU_color

[Warning] ColorMaterial-Main-FS :    Variable CPU_color is not a vec4. Returning dummy variable. 
No Light in scene, adding default white light
[Initialization time] 0.25s

Initializing Scene
Loading Scene File : ./Objets/Sphere.obj
No Light in scene, adding default white light
[Initialization time] 0.174s

Initializing Scene
Loading Scene File : ./Objets/Sphere.obj
[Warning] ColorMaterial-Main-FS:  There is no active uniform named CPU_color

[Warning] ColorMaterial-Main-FS :    Variable CPU_color is not a vec4. Returning dummy variable. 
No Light in scene, adding default white light
[Initialization time] 0.27s

Initializing Scene
Loading Scene File : ./Objets/Sphere.obj
[Warning] ColorMaterial-Main-FS:  There is no active uniform named CPU_color

[Warning] ColorMaterial-Main-FS :    Variable CPU_color is not a vec4. Returning dummy variable. 
No Light in scene, adding default white light
[Initialization time] 0.281s

Initializing Scene
Loading Scene File : ./Objets/Sphere.obj
[Warning] ColorMaterial-Main-FS:  There is no active uniform named CPU_color

[Warning] ColorMaterial-Main-FS :    Variable CPU_color is not a vec4. Returning dummy variable. 
No Light in scene, adding default white light
[Initialization time] 0.271s

Initializing Scene
Loading Scene File : ./Objets/Sphere.obj
[Warning] ColorMaterial-Main-FS:  There is no active uniform named CPU_color

[Warning] ColorMaterial-Main-FS :    Variable CPU_color is not a vec4. Returning dummy variable. 
No Light in scene, adding default white light
[Initialization time] 0.253s

Initializing Scene
Loading Scene File : ./Objets/Sphere.obj
No Light in scene, adding default white light
Initializing Scene
Loading Scene File : ./Objets/Sphere.obj
No Light in scene, adding default white light
Initializing Scene
Loading Scene File : ./Objets/Sphere.obj
No Light in scene, adding default white light
[Initialization time] 36.695s

Initializing Scene
Loading Scene File : ./Objets/Sphere.obj
No Light in scene, adding default white light
[Initialization time] 0.156s

Initializing Scene
Loading Scene File : ./Objets/Sphere.obj
No Light in scene, adding default white light
[Initialization time] 72.783s

Initializing Scene
Loading Scene File : ./Objets/Sphere.obj
[Warning] ColorMaterial-Main-FS:  There is no active uniform named CPU_color

[Warning] ColorMaterial-Main-FS :    Variable CPU_color is not a vec4. Returning dummy variable. 
No Light in scene, adding default white light
[Initialization time] 0.261s

Initializing Scene
Loading Scene File : ./Objets/Sphere.obj
[Initialization time] 0.139s

Initializing Scene
Loading Scene File : ./Objets/Sphere.obj
[Initialization time] 0.136s

Initializing Scene
Loading Scene File : ./Objets/Sphere.obj
[Warning] ColorMaterial-Main-FS:  There is no active uniform named CPU_color

[Warning] ColorMaterial-Main-FS :    Variable CPU_color is not a vec4. Returning dummy variable. 
No Light in scene, adding default white light
Initializing Scene
Loading Scene File : ./Objets/Sphere.obj
[Warning] ColorMaterial-Main-FS:  There is no active uniform named CPU_color

[Warning] ColorMaterial-Main-FS :    Variable CPU_color is not a vec4. Returning dummy variable. 
No Light in scene, adding default white light
Initializing Scene
Loading Scene File : ./Objets/Sphere.obj
[Warning] ColorMaterial-Main-FS:  There is no active uniform named CPU_color

[Warning] ColorMaterial-Main-FS :    Variable CPU_color is not a vec4. Returning dummy variable. 
No Light in scene, adding default white light
Initializing Scene
Loading Scene File : ./Objets/Sphere.obj
[Warning] ColorMaterial-Main-FS:  There is no active uniform named CPU_color

[Warning] ColorMaterial-Main-FS :    Variable CPU_color is not a vec4. Returning dummy variable. 
No Light in scene, adding default white light
Initializing Scene
Loading Scene File : ./Objets/Sphere.obj
[Warning] ColorMaterial-Main-FS:  There is no active uniform named CPU_color

[Warning] ColorMaterial-Main-FS :    Variable CPU_color is not a vec4. Returning dummy variable. 
No Light in scene, adding default white light
[Initialization time] 27.756s

Initializing Scene
Loading Scene File : ./Objets/Sphere.obj
[Warning] ColorMaterial-Main-FS:  There is no active uniform named CPU_color

[Warning] ColorMaterial-Main-FS :    Variable CPU_color is not a vec4. Returning dummy variable. 
No Light in scene, adding default white light
Initializing Scene
Loading Scene File : ./Objets/Sphere.obj
[Warning] ColorMaterial-Main-FS:  There is no active uniform named CPU_color

[Warning] ColorMaterial-Main-FS :    Variable CPU_color is not a vec4. Returning dummy variable. 
No Light in scene, adding default white light
Initializing Scene
Loading Scene File : ./Objets/Sphere.obj
[Warning] ColorMaterial-Main-FS:  There is no active uniform named CPU_color

[Warning] ColorMaterial-Main-FS :    Variable CPU_color is not a vec4. Returning dummy variable. 
No Light in scene, adding default white light
Initializing Scene
Loading Scene File : ./Objets/Sphere.obj
[Warning] ColorMaterial-Main-FS:  There is no active uniform named CPU_color

[Warning] ColorMaterial-Main-FS :    Variable CPU_color is not a vec4. Returning dummy variable. 
No Light in scene, adding default white light
Initializing Scene
Loading Scene File : ./Objets/Sphere.obj
[Warning] ColorMaterial-Main-FS:  There is no active uniform named CPU_color

[Warning] ColorMaterial-Main-FS :    Variable CPU_color is not a vec4. Returning dummy variable. 
No Light in scene, adding default white light
Initializing Scene
Loading Scene File : ./Objets/Sphere.obj
[Warning] ColorMaterial-Main-FS:  There is no active uniform named CPU_color

[Warning] ColorMaterial-Main-FS :    Variable CPU_color is not a vec4. Returning dummy variable. 
No Light in scene, adding default white light
Initializing Scene
Loading Scene File : ./Objets/Sphere.obj
[Warning] ColorMaterial-Main-FS:  There is no active uniform named CPU_color

[Warning] ColorMaterial-Main-FS :    Variable CPU_color is not a vec4. Returning dummy variable. 
No Light in scene, adding default white light
Initializing Scene
Loading Scene File : ./Objets/Sphere.obj
[Warning] ColorMaterial-Main-FS:  There is no active uniform named CPU_color

[Warning] ColorMaterial-Main-FS :    Variable CPU_color is not a vec4. Returning dummy variable. 
No Light in scene, adding default white light
Initializing Scene
Loading Scene File : ./Objets/Sphere.obj
[Warning] ColorMaterial-Main-FS:  There is no active uniform named CPU_color

[Warning] ColorMaterial-Main-FS :    Variable CPU_color is not a vec4. Returning dummy variable. 
No Light in scene, adding default white light
Initializing Scene
Loading Scene File : ./Objets/Sphere.obj
[Warning] ColorMaterial-Main-FS:  There is no active uniform named CPU_color

[Warning] ColorMaterial-Main-FS :    Variable CPU_color is not a vec4. Returning dummy variable. 
No Light in scene, adding default white light
Initializing Scene
Loading Scene File : ./Objets/Sphere.obj
[Warning] ColorMaterial-Main-FS:  There is no active uniform named CPU_color

[Warning] ColorMaterial-Main-FS :    Variable CPU_color is not a vec4. Returning dummy variable. 
No Light in scene, adding default white light
Initializing Scene
Loading Scene File : ./Objets/Sphere.obj
[Warning] ColorMaterial-Main-FS:  There is no active uniform named CPU_color

[Warning] ColorMaterial-Main-FS :    Variable CPU_color is not a vec4. Returning dummy variable. 
No Light in scene, adding default white light
[Initialization time] 0.254s

Initializing Scene
Loading Scene File : ./Objets/Sphere.obj
[Warning] ColorMaterial-Main-FS:  There is no active uniform named CPU_color

[Warning] ColorMaterial-Main-FS :    Variable CPU_color is not a vec4. Returning dummy variable. 
No Light in scene, adding default white light
[Initialization time] 0.264s

Initializing Scene
Loading Scene File : ./Objets/Sphere.obj
[Warning] ColorMaterial-Main-FS:  There is no active uniform named CPU_color

[Warning] ColorMaterial-Main-FS :    Variable CPU_color is not a vec4. Returning dummy variable. 
No Light in scene, adding default white light
[Initialization time] 0.27s

Initializing Scene
Loading Scene File : ./Objets/Sphere.obj
[Warning] ColorMaterial-Main-FS:  There is no active uniform named CPU_color

[Warning] ColorMaterial-Main-FS :    Variable CPU_color is not a vec4. Returning dummy variable. 
No Light in scene, adding default white light
Initializing Scene
Loading Scene File : ./Objets/Sphere.obj
[Warning] ColorMaterial-Main-FS:  There is no active uniform named CPU_color

[Warning] ColorMaterial-Main-FS :    Variable CPU_color is not a vec4. Returning dummy variable. 
No Light in scene, adding default white light
Initializing Scene
Loading Scene File : ./Objets/Sphere.obj
[Warning] ColorMaterial-Main-FS:  There is no active uniform named CPU_color

[Warning] ColorMaterial-Main-FS :    Variable CPU_color is not a vec4. Returning dummy variable. 
No Light in scene, adding default white light
Initializing Scene
Loading Scene File : ./Objets/Sphere.obj
[Warning] ColorMaterial-Main-FS:  There is no active uniform named CPU_color

[Warning] ColorMaterial-Main-FS :    Variable CPU_color is not a vec4. Returning dummy variable. 
No Light in scene, adding default white light
Initializing Scene
Loading Scene File : ./Objets/Sphere.obj
[Warning] ColorMaterial-Main-FS:  There is no active uniform named CPU_color

[Warning] ColorMaterial-Main-FS :    Variable CPU_color is not a vec4. Returning dummy variable. 
No Light in scene, adding default white light
[Initialization time] 0.291s

Initializing Scene
Loading Scene File : ./Objets/Sphere.obj
[Warning] ColorMaterial-Main-FS:  There is no active uniform named CPU_color

[Warning] ColorMaterial-Main-FS :    Variable CPU_color is not a vec4. Returning dummy variable. 
No Light in scene, adding default white light
[Initialization time] 0.249s

Initializing Scene
Loading Scene File : ./Objets/Sphere.obj
No Light in scene, adding default white light
[Initialization time] 0.265s

Initializing Scene
Loading Scene File : ./Objets/Sphere.obj
No Light in scene, adding default white light
[Initialization time] 0.267s

Initializing Scene
Loading Scene File : ./Objets/Sphere.obj
No Light in scene, adding default white light
[Initialization time] 0.426s

Initializing Scene
Loading Scene File : ./Objets/Sphere.obj
No Light in scene, adding default white light
[Initialization time] 0.272s

Initializing Scene
Loading Scene File : ./Objets/Sphere.obj
No Light in scene, adding default white light
[Initialization time] 0.255s

Initializing Scene
Loading Scene File : ./Objets/Sphere.obj
No Light in scene, adding default white light
[Initialization time] 0.256s

Initializing Scene
Loading Scene File : ./Objets/Sphere.obj
No Light in scene, adding default white light
Initializing Scene
Loading Scene File : ./Objets/Sphere.obj
No Light in scene, adding default white light
Initializing Scene
Loading Scene File : ./Objets/Sphere.obj
No Light in scene, adding default white light
[Initialization time] 6.223s

Initializing Scene
Loading Scene File : ./Objets/Sphere.obj
No Light in scene, adding default white light
[Initialization time] 0.261s

Initializing Scene
Loading Scene File : ./Objets/Sphere.obj
No Light in scene, adding default white light
[Initialization time] 0.43s

Initializing Scene
Loading Scene File : ./Objets/Sphere.obj
No Light in scene, adding default white light
[Initialization time] 0.363s

Initializing Scene
Loading Scene File : ./Objets/Sphere.obj
No Light in scene, adding default white light
[Initialization time] 0.261s

Initializing Scene
Loading Scene File : ./Objets/Sphere.obj
No Light in scene, adding default white light
Initializing Scene
Loading Scene File : ./Objets/Sphere.obj
Loading model defaultobject
No Light in scene, adding default white light
Initializing Scene
Loading Scene File : ./Objets/Sphere.obj
Loading model defaultobject
No Light in scene, adding default white light
[Initialization time] 0.256s

Initializing Scene
Loading Scene File : ./Objets/Sphere.obj
Loading model defaultobject
No Light in scene, adding default white light
Initializing Scene
Loading Scene File : ./Objets/Sphere.obj
Loading model defaultobject
No Light in scene, adding default white light
Initializing Scene
Loading Scene File : ./Objets/Sphere.obj
Loading model defaultobject
No Light in scene, adding default white light
Initializing Scene
Loading Scene File : ./Objets/Sphere.obj
Loading model defaultobject
No Light in scene, adding default white light
Initializing Scene
Loading Scene File : ./Objets/Sphere.obj
Loading model defaultobject
No Light in scene, adding default white light
Initializing Scene
Loading Scene File : ./Objets/Sphere.obj
Loading model defaultobject
No Light in scene, adding default white light
Initializing Scene
Loading Scene File : ./Objets/Sphere.obj
Loading model defaultobject
No Light in scene, adding default white light
Initializing Scene
Loading Scene File : ./Objets/Sphere.obj
Loading model defaultobject
No Light in scene, adding default white light
[Initialization time] 0.267s

Initializing Scene
Loading Scene File : ./Objets/Sphere.obj
Loading model defaultobject
No Light in scene, adding default white light
[Initialization time] 0.282s

Initializing Scene
Loading Scene File : ./Objets/Sphere.obj
Loading model defaultobject
No Light in scene, adding default white light
[Initialization time] 0.238s

Initializing Scene
Loading Scene File : ./Objets/Sphere.obj
Loading model defaultobject
[Warning] ColorMaterial-Main-FS:  There is no active uniform named CPU_color

[Warning] ColorMaterial-Main-FS :    Variable CPU_color is not a vec4. Returning dummy variable. 
No Light in scene, adding default white light
[Initialization time] 0.135s

Initializing Scene
Loading Scene File : ./Objets/Sphere.obj
Loading model defaultobject
No Light in scene, adding default white light
[Initialization time] 0.131s

Initializing Scene
Loading Scene File : ./Objets/Sphere.obj
Loading model defaultobject
[Initialization time] 0.14s

Initializing Scene
Loading Scene File : ./Objets/Sphere.obj
Loading model defaultobject
[Initialization time] 0.153s

Initializing Scene
Loading Scene File : ./Objets/Sphere.obj
Loading model defaultobject
[Initialization time] 0.155s

Initializing Scene
Loading Scene File : ./Objets/Sphere.obj
Loading model defaultobject
[Initialization time] 0.154s

Initializing Scene
Loading Scene File : ./Objets/Sphere.obj
Loading model defaultobject
[Warning] ColorMaterial-Main-FS:  There is no active uniform named CPU_color

[Warning] ColorMaterial-Main-FS :    Variable CPU_color is not a vec4. Returning dummy variable. 
No Light in scene, adding default white light
[Initialization time] 0.268s

Now manipulating Node Scene
Now manipulating Camera DefaultCamera
Initializing Scene
Loading Scene File : ./Objets/Sphere.obj
Loading model defaultobject
[Warning] ColorMaterial-Main-FS:  There is no active uniform named CPU_color

[Warning] ColorMaterial-Main-FS :    Variable CPU_color is not a vec4. Returning dummy variable. 
No Light in scene, adding default white light
[Initialization time] 0.266s

Initializing Scene
Loading Scene File : ./Objets/Sphere.obj
Loading model defaultobject
[Warning] ColorMaterial-Main-FS:  There is no active uniform named CPU_color

[Warning] ColorMaterial-Main-FS :    Variable CPU_color is not a vec4. Returning dummy variable. 
No Light in scene, adding default white light
[Initialization time] 0.265s

Initializing Scene
Loading Scene File : ./Objets/Sphere.obj
Loading model defaultobject
No Light in scene, adding default white light
[Initialization time] 0.265s

Initializing Scene
Loading Scene File : ./Objets/Sphere.obj
Loading model defaultobject
[Warning] ColorMaterial-Main-FS:  There is no active uniform named CPU_color

[Warning] ColorMaterial-Main-FS :    Variable CPU_color is not a vec4. Returning dummy variable. 
No Light in scene, adding default white light
[Initialization time] 0.155s

Initializing Scene
Loading Scene File : ./Objets/Sphere.obj
Loading model defaultobject
[Warning] ColorMaterial-Main-FS:  There is no active uniform named CPU_color

[Warning] ColorMaterial-Main-FS :    Variable CPU_color is not a vec4. Returning dummy variable. 
No Light in scene, adding default white light
[Initialization time] 0.154s

Initializing Scene
Loading Scene File : ./Objets/Sphere.obj
Loading model defaultobject
[Warning] ColorMaterial-Main-FS:  There is no active uniform named CPU_color

[Warning] ColorMaterial-Main-FS :    Variable CPU_color is not a vec4. Returning dummy variable. 
No Light in scene, adding default white light
[Initialization time] 0.138s

Initializing Scene
Loading Scene File : ./Objets/Sphere.obj
Loading model defaultobject
[Warning] ColorMaterial-Main-FS:  There is no active uniform named CPU_color

[Warning] ColorMaterial-Main-FS :    Variable CPU_color is not a vec4. Returning dummy variable. 
No Light in scene, adding default white light
[Initialization time] 0.159s

Initializing Scene
Loading Scene File : ./Objets/Sphere.obj
Loading model defaultobject
[Warning] ColorMaterial-Main-FS:  There is no active uniform named CPU_color

[Warning] ColorMaterial-Main-FS :    Variable CPU_color is not a vec4. Returning dummy variable. 
No Light in scene, adding default white light
[Initialization time] 0.168s

Initializing Scene
Loading Scene File : ./Objets/Sphere.obj
Loading model defaultobject
No Light in scene, adding default white light
[Initialization time] 0.274s

Initializing Scene
Loading Scene File : ./Objets/Sphere.obj
Loading model defaultobject
[Warning] ColorMaterial-Main-FS:  There is no active uniform named CPU_color

[Warning] ColorMaterial-Main-FS :    Variable CPU_color is not a vec4. Returning dummy variable. 
No Light in scene, adding default white light
[Initialization time] 0.163s

Initializing Scene
Loading Scene File : ./Objets/Sphere.obj
Loading model defaultobject
[Warning] ColorMaterial-Main-FS:  There is no active uniform named CPU_color

[Warning] ColorMaterial-Main-FS :    Variable CPU_color is not a vec4. Returning dummy variable. 
No Light in scene, adding default white light
[Initialization time] 0.155s

Initializing Scene
Loading Scene File : ./Objets/Sphere.obj
Loading model defaultobject
[Initialization time] 0.138s

Initializing Scene
Loading Scene File : ./Objets/Sphere.obj
Loading model defaultobject
[Warning] ColorMaterial-Main-FS:  There is no active uniform named CPU_color

[Warning] ColorMaterial-Main-FS :    Variable CPU_color is not a vec4. Returning dummy variable. 
No Light in scene, adding default white light
[Initialization time] 0.171s

Initializing Scene
Loading Scene File : ./Objets/Sphere.obj
Loading model defaultobject
No Light in scene, adding default white light
[Initialization time] 0.273s

Initializing Scene
Loading Scene File : ./Objets/Sphere.obj
Loading model defaultobject
[Initialization time] 0.134s

Initializing Scene
Loading Scene File : ./Objets/Sphere.obj
Loading model defaultobject
[Initialization time] 0.142s

Initializing Scene
Loading Scene File : ./Objets/Sphere.obj
Loading model defaultobject
No Light in scene, adding default white light
[Initialization time] 0.28s

Initializing Scene
Loading Scene File : ./Objets/Sphere.obj
Loading model defaultobject
No Light in scene, adding default white light
[Initialization time] 0.269s

Initializing Scene
Loading Scene File : ./Objets/Sphere.obj
Loading model defaultobject
No Light in scene, adding default white light
[Initialization time] 0.273s

Initializing Scene
Loading Scene File : ./Objets/Sphere.obj
Loading model defaultobject
[Initialization time] 0.143s

Initializing Scene
Loading Scene File : ./Objets/Sphere.obj
Loading model defaultobject
No Light in scene, adding default white light
[Initialization time] 0.161s

Initializing Scene
Loading Scene File : ./Objets/Sphere.obj
Loading model defaultobject
No Light in scene, adding default white light
[Initialization time] 0.265s

Initializing Scene
Loading Scene File : ./Objets/Sphere.obj
Loading model defaultobject
No Light in scene, adding default white light
[Initialization time] 0.263s

Initializing Scene
Loading Scene File : ./Objets/Sphere.obj
Loading model defaultobject
[Initialization time] 0.146s

Initializing Scene
Loading Scene File : ./Objets/Sphere.obj
Loading model defaultobject
[Initialization time] 0.148s

Initializing Scene
Loading Scene File : ./Objets/Sphere.obj
Loading model defaultobject
[Initialization time] 0.163s

Initializing Scene
Loading Scene File : ./Objets/Sphere.obj
Loading model defaultobject
No Light in scene, adding default white light
[Initialization time] 0.28s

Initializing Scene
Loading Scene File : ./Objets/Sphere.obj
Loading model defaultobject
No Light in scene, adding default white light
[Initialization time] 0.277s

Initializing Scene
Loading Scene File : ./Objets/Sphere.obj
Loading model defaultobject
No Light in scene, adding default white light
[Initialization time] 0.284s

Initializing Scene
Loading Scene File : ./Objets/Sphere.obj
Loading model defaultobject
No Light in scene, adding default white light
[Initialization time] 0.264s

Initializing Scene
Loading Scene File : ./Objets/Sphere.obj
Loading model defaultobject
No Light in scene, adding default white light
[Initialization time] 0.278s

Initializing Scene
Loading Scene File : ./Objets/Sphere.obj
Loading model defaultobject
No Light in scene, adding default white light
[Initialization time] 0.281s

Initializing Scene
Loading Scene File : ./Objets/Sphere.obj
Loading model defaultobject
[Initialization time] 0.137s

Initializing Scene
Loading Scene File : ./Objets/Sphere.obj
Loading model defaultobject
No Light in scene, adding default white light
[Initialization time] 0.276s

Initializing Scene
Loading Scene File : ./Objets/Sphere.obj
Loading model defaultobject
No Light in scene, adding default white light
[Initialization time] 0.264s

Initializing Scene
Loading Scene File : ./Objets/Sphere.obj
Loading model defaultobject
No Light in scene, adding default white light
[Initialization time] 0.279s

Initializing Scene
Loading Scene File : ./Objets/Sphere.obj
Loading model defaultobject
[Initialization time] 0.147s

Initializing Scene
Loading Scene File : ./Objets/Sphere.obj
Loading model defaultobject
No Light in scene, adding default white light
[Initialization time] 0.28s

Initializing Scene
Loading Scene File : ./Objets/Sphere.obj
Loading model defaultobject
No Light in scene, adding default white light
[Initialization time] 0.317s

Initializing Scene
Loading Scene File : ./Objets/Sphere.obj
Loading model defaultobject
No Light in scene, adding default white light
[Initialization time] 0.367s

Now manipulating Node Scene
Now manipulating Camera DefaultCamera
Initializing Scene
Loading Scene File : ./Objets/Sphere.obj
Loading model defaultobject
No Light in scene, adding default white light
[Initialization time] 0.276s

Initializing Scene
Loading Scene File : ./Objets/Sphere.obj
Loading model defaultobject
No Light in scene, adding default white light
[Initialization time] 0.494s

Initializing Scene
Loading Scene File : ./Objets/Bunny.obj
Loading model g Bunny
No Light in scene, adding default white light
[Initialization time] 0.662s

Initializing Scene
Loading Scene File : ./Objets/Bunny.obj
Loading model g Bunny
No Light in scene, adding default white light
[Initialization time] 0.537s

Initializing Scene
Loading Scene File : ./Objets/Bunny.obj
Loading model g Bunny
No Light in scene, adding default white light
[Initialization time] 0.536s

Initializing Scene
Loading Scene File : ./Objets/Sphere.obj
Loading model defaultobject
No Light in scene, adding default white light
[Initialization time] 0.273s

